<?xml version="1.0" encoding="UTF-8"?>
<!-- Generated by org.testng.reporters.JUnitReportReporter -->
<testsuite hostname="L-INE-72Z4T93" failures="0" tests="1" name="com.listeners.NewTestListenerTestNG" time="0.012" errors="0" timestamp="2023-09-06T14:51:57 IST" skipped="0">
  <testcase classname="com.listeners.NewTestListenerTestNG" name="f" time="0.012"/>
</testsuite> <!-- com.listeners.NewTestListenerTestNG -->
