<?xml version="1.0" encoding="UTF-8"?>
<!-- Generated by org.testng.reporters.JUnitReportReporter -->
<testsuite hostname="L-INE-72Z4T93" failures="0" tests="1" name="com.testngseltesttwo.JenkinsSelTest" time="9.013" errors="0" timestamp="2023-09-07T13:05:08 IST" skipped="0">
  <testcase classname="com.testngseltesttwo.JenkinsSelTest" name="f" time="9.013"/>
</testsuite> <!-- com.testngseltesttwo.JenkinsSelTest -->
