<?xml version="1.0" encoding="UTF-8"?>
<!-- Generated by org.testng.reporters.JUnitReportReporter -->
<testsuite hostname="L-INE-72Z4T93" failures="0" tests="1" name="com.selenium.testng.log.LogFourjDemo" time="0.558" errors="0" timestamp="2023-09-11T14:34:58 IST" skipped="0">
  <testcase classname="com.selenium.testng.log.LogFourjDemo" name="f" time="0.558"/>
</testsuite> <!-- com.selenium.testng.log.LogFourjDemo -->
