<?xml version="1.0" encoding="UTF-8"?>
<!-- Generated by org.testng.reporters.JUnitReportReporter -->
<testsuite hostname="L-INE-72Z4T93" failures="0" tests="4" name="com.testngseltesttwo.GoDaddy" time="17.670" errors="0" timestamp="2023-09-07T13:00:48 IST" skipped="0">
  <testcase classname="com.testngseltesttwo.GoDaddy" name="Testcase1" time="6.703"/>
  <testcase classname="com.testngseltesttwo.GoDaddy" name="Testcase3" time="3.160"/>
  <testcase classname="com.testngseltesttwo.GoDaddy" name="Testcase4" time="3.219"/>
  <testcase classname="com.testngseltesttwo.GoDaddy" name="Testcase2" time="4.588"/>
</testsuite> <!-- com.testngseltesttwo.GoDaddy -->
